Performing C SOURCE FILE Test CMAKE_HAVE_LIBC_PTHREAD failed with the following output:
Change Dir: /home/computer_Study/pthreads_study/mythreadPoolC/cmake-build-debug/CMakeFiles/CMakeTmp

Run Build Command(s):/usr/bin/gmake cmTC_564b3/fast && /usr/bin/gmake  -f CMakeFiles/cmTC_564b3.dir/build.make CMakeFiles/cmTC_564b3.dir/build
gmake[1]: Entering directory `/home/computer_Study/pthreads_study/mythreadPoolC/cmake-build-debug/CMakeFiles/CMakeTmp'
Building C object CMakeFiles/cmTC_564b3.dir/src.c.o
/usr/bin/cc   -DCMAKE_HAVE_LIBC_PTHREAD   -std=gnu11 -o CMakeFiles/cmTC_564b3.dir/src.c.o   -c /home/computer_Study/pthreads_study/mythreadPoolC/cmake-build-debug/CMakeFiles/CMakeTmp/src.c
Linking C executable cmTC_564b3
/usr/bin/cmake3 -E cmake_link_script CMakeFiles/cmTC_564b3.dir/link.txt --verbose=1
/usr/bin/cc  -DCMAKE_HAVE_LIBC_PTHREAD    CMakeFiles/cmTC_564b3.dir/src.c.o  -o cmTC_564b3 
CMakeFiles/cmTC_564b3.dir/src.c.o: In function `main':
src.c:(.text+0x2d): undefined reference to `pthread_create'
src.c:(.text+0x39): undefined reference to `pthread_detach'
src.c:(.text+0x45): undefined reference to `pthread_cancel'
src.c:(.text+0x56): undefined reference to `pthread_join'
src.c:(.text+0x6a): undefined reference to `pthread_atfork'
collect2: error: ld returned 1 exit status
gmake[1]: *** [cmTC_564b3] Error 1
gmake[1]: Leaving directory `/home/computer_Study/pthreads_study/mythreadPoolC/cmake-build-debug/CMakeFiles/CMakeTmp'
gmake: *** [cmTC_564b3/fast] Error 2


Source file was:
#include <pthread.h>

void* test_func(void* data)
{
  return data;
}

int main(void)
{
  pthread_t thread;
  pthread_create(&thread, NULL, test_func, NULL);
  pthread_detach(thread);
  pthread_cancel(thread);
  pthread_join(thread, NULL);
  pthread_atfork(NULL, NULL, NULL);
  pthread_exit(NULL);

  return 0;
}

Determining if the function pthread_create exists in the pthreads failed with the following output:
Change Dir: /home/computer_Study/pthreads_study/mythreadPoolC/cmake-build-debug/CMakeFiles/CMakeTmp

Run Build Command(s):/usr/bin/gmake cmTC_c5a07/fast && /usr/bin/gmake  -f CMakeFiles/cmTC_c5a07.dir/build.make CMakeFiles/cmTC_c5a07.dir/build
gmake[1]: Entering directory `/home/computer_Study/pthreads_study/mythreadPoolC/cmake-build-debug/CMakeFiles/CMakeTmp'
Building C object CMakeFiles/cmTC_c5a07.dir/CheckFunctionExists.c.o
/usr/bin/cc   -DCHECK_FUNCTION_EXISTS=pthread_create   -std=gnu11 -o CMakeFiles/cmTC_c5a07.dir/CheckFunctionExists.c.o   -c /usr/share/cmake3/Modules/CheckFunctionExists.c
Linking C executable cmTC_c5a07
/usr/bin/cmake3 -E cmake_link_script CMakeFiles/cmTC_c5a07.dir/link.txt --verbose=1
/usr/bin/cc  -DCHECK_FUNCTION_EXISTS=pthread_create    CMakeFiles/cmTC_c5a07.dir/CheckFunctionExists.c.o  -o cmTC_c5a07  -lpthreads 
/usr/bin/ld: cannot find -lpthreads
collect2: error: ld returned 1 exit status
gmake[1]: *** [cmTC_c5a07] Error 1
gmake[1]: Leaving directory `/home/computer_Study/pthreads_study/mythreadPoolC/cmake-build-debug/CMakeFiles/CMakeTmp'
gmake: *** [cmTC_c5a07/fast] Error 2



